Error in test: UC-03.5: AI Refinement (Synapse Mode)
TimeoutError: locator.click: Timeout 30000ms exceeded.
Call log:
[2m  - waiting for getByRole('button', { name: 'AI Synapse' })[22m
[2m    - locator resolved to <button class="flex items-center gap-2.5 px-4 py-2.5 rounded-2xl text-[10px] font-black uppercase tracking-widest transition-all border bg-white text-sakura-cocoa/60 border-sakura-divider hover:bg-sakura-bg-soft">…</button>[22m
[2m  - attempting click action[22m
[2m    2 × waiting for element to be visible, enabled and stable[22m
[2m      - element is visible, enabled and stable[22m
[2m      - scrolling into view if needed[22m
[2m      - done scrolling[22m
[2m      - <nextjs-portal></nextjs-portal> intercepts pointer events[22m
[2m    - retrying click action[22m
[2m    - waiting 20ms[22m
[2m    2 × waiting for element to be visible, enabled and stable[22m
[2m      - element is visible, enabled and stable[22m
[2m      - scrolling into view if needed[22m
[2m      - done scrolling[22m
[2m      - <nextjs-portal></nextjs-portal> intercepts pointer events[22m
[2m    - retrying click action[22m
[2m      - waiting 100ms[22m
[2m    57 × waiting for element to be visible, enabled and stable[22m
[2m       - element is visible, enabled and stable[22m
[2m       - scrolling into view if needed[22m
[2m       - done scrolling[22m
[2m       - <nextjs-portal></nextjs-portal> intercepts pointer events[22m
[2m     - retrying click action[22m
[2m       - waiting 500ms[22m

    at D:\PROJECT\hanachan_v2_final\tests\e2e\uc-03-analysis.spec.ts:100:26