Error in test: UC-02.4: Deck Management
TimeoutError: locator.click: Timeout 30000ms exceeded.
Call log:
[2m  - waiting for getByRole('button', { name: 'New Deck' })[22m
[2m    - locator resolved to <button class="inline-flex items-center justify-center gap-2 whitespace-nowrap rounded-2xl text-sm font-black transition-all focus-visible:outline-none focus-visible:ring-2 focus-visible:ring-sakura-cocoa disabled:pointer-events-none disabled:opacity-50 active:scale-[0.98] cursor-pointer bg-sakura-pink text-white hover:bg-sakura-rose hover:scale-[1.02] h-11 px-6">…</button>[22m
[2m  - attempting click action[22m
[2m    2 × waiting for element to be visible, enabled and stable[22m
[2m      - element is visible, enabled and stable[22m
[2m      - scrolling into view if needed[22m
[2m      - done scrolling[22m
[2m      - <nextjs-portal></nextjs-portal> intercepts pointer events[22m
[2m    - retrying click action[22m
[2m    - waiting 20ms[22m
[2m    2 × waiting for element to be visible, enabled and stable[22m
[2m      - element is visible, enabled and stable[22m
[2m      - scrolling into view if needed[22m
[2m      - done scrolling[22m
[2m      - <nextjs-portal></nextjs-portal> intercepts pointer events[22m
[2m    - retrying click action[22m
[2m      - waiting 100ms[22m
[2m    53 × waiting for element to be visible, enabled and stable[22m
[2m       - element is visible, enabled and stable[22m
[2m       - scrolling into view if needed[22m
[2m       - done scrolling[22m
[2m       - <nextjs-portal></nextjs-portal> intercepts pointer events[22m
[2m     - retrying click action[22m
[2m       - waiting 500ms[22m

    at D:\PROJECT\hanachan_v2_final\tests\e2e\uc-02-srs.spec.ts:58:62