Error in test: UC-01.2: Lesson View & Deep Dive
TimeoutError: locator.click: Timeout 30000ms exceeded.
Call log:
[2m  - waiting for locator('[data-testid="vocab-card"]').first()[22m
[2m    - locator resolved to <a data-testid="vocab-card" href="/vocabulary/vocabulary%2F%E4%B9%9D%E3%81%A4" class="group relative flex flex-col items-center justify-center p-6 min-h-[140px] rounded-2xl transition-all duration-300 active:scale-95 hover:scale-105 shadow-sm">…</a>[22m
[2m  - attempting click action[22m
[2m    2 × waiting for element to be visible, enabled and stable[22m
[2m      - element is visible, enabled and stable[22m
[2m      - scrolling into view if needed[22m
[2m      - done scrolling[22m
[2m      - <nextjs-portal></nextjs-portal> intercepts pointer events[22m
[2m    - retrying click action[22m
[2m    - waiting 20ms[22m
[2m    2 × waiting for element to be visible, enabled and stable[22m
[2m      - element is visible, enabled and stable[22m
[2m      - scrolling into view if needed[22m
[2m      - done scrolling[22m
[2m      - <nextjs-portal></nextjs-portal> intercepts pointer events[22m
[2m    - retrying click action[22m
[2m      - waiting 100ms[22m
[2m    56 × waiting for element to be visible, enabled and stable[22m
[2m       - element is visible, enabled and stable[22m
[2m       - scrolling into view if needed[22m
[2m       - done scrolling[22m
[2m       - <nextjs-portal></nextjs-portal> intercepts pointer events[22m
[2m     - retrying click action[22m
[2m       - waiting 500ms[22m

    at D:\PROJECT\hanachan_v2_final\tests\e2e\uc-01-knowledge.spec.ts:56:29